#
# There is insufficient memory for the Java Runtime Environment to continue.
# Native memory allocation (malloc) failed to allocate 32744 bytes for ChunkPool::allocate
# Possible reasons:
#   The system is out of physical RAM or swap space
#   The process is running with CompressedOops enabled, and the Java Heap may be blocking the growth of the native heap
# Possible solutions:
#   Reduce memory load on the system
#   Increase physical memory or swap space
#   Check if swap backing store is full
#   Decrease Java heap size (-Xmx/-Xms)
#   Decrease number of Java threads
#   Decrease Java thread stack sizes (-Xss)
#   Set larger code cache with -XX:ReservedCodeCacheSize=
#   JVM is running with Zero Based Compressed Oops mode in which the Java heap is
#     placed in the first 32GB address space. The Java Heap base address is the
#     maximum limit for the native heap growth. Please use -XX:HeapBaseMinAddress
#     to set the Java Heap base and to place the Java Heap above 32GB virtual address.
# This output file may be truncated or incomplete.
#
#  Out of Memory Error (./open/src/hotspot/share/memory/arena.cpp:79), pid=12184, tid=20136
#
# JRE version: OpenJDK Runtime Environment (15.0.1+9) (build 15.0.1+9-18)
# Java VM: OpenJDK 64-Bit Server VM (15.0.1+9-18, mixed mode, sharing, tiered, compressed oops, g1 gc, windows-amd64)
# No core dump will be written. Minidumps are not enabled by default on client versions of Windows
#

---------------  S U M M A R Y ------------

Command Line: --module-path=C:\LIU\Coding\javafx-sdk-15.0.1\lib --add-modules=javafx.controls,javafx.fxml -javaagent:C:\Program Files\JetBrains\IntelliJ IDEA 2020.2.1\lib\idea_rt.jar=49197:C:\Program Files\JetBrains\IntelliJ IDEA 2020.2.1\bin -Dfile.encoding=UTF-8 game.Main

Host: Intel(R) Core(TM) i7-9750H CPU @ 2.60GHz, 12 cores, 15G,  Windows 10 , 64 bit Build 20241 (10.0.20241.1000)
Time: Tue Dec 15 10:48:27 2020 Västeuropa, normaltid elapsed time: 242.075177 seconds (0d 0h 4m 2s)

---------------  T H R E A D  ---------------

Current thread (0x000001d132578be0):  JavaThread "C2 CompilerThread0" daemon [_thread_in_native, id=20136, stack(0x0000002ff8900000,0x0000002ff8a00000)]


Current CompileTask:
C2: 242075 2438       4       javafx.animation.AnimationAccessorImpl::jumpTo (10 bytes)

Stack: [0x0000002ff8900000,0x0000002ff8a00000]
Native frames: (J=compiled Java code, j=interpreted, Vv=VM code, C=native code)
V  [jvm.dll+0x62ae9a]
V  [jvm.dll+0x781389]
V  [jvm.dll+0x782ae3]
V  [jvm.dll+0x783143]
V  [jvm.dll+0x216265]
V  [jvm.dll+0x9828f]
V  [jvm.dll+0x9806d]
V  [jvm.dll+0x609ad4]
V  [jvm.dll+0x6552da]
V  [jvm.dll+0x18e3ad]
V  [jvm.dll+0x1ea762]
V  [jvm.dll+0x1e98ae]
V  [jvm.dll+0x1784c7]
V  [jvm.dll+0x1f9165]
V  [jvm.dll+0x1f720c]
V  [jvm.dll+0x74485d]
V  [jvm.dll+0x73d65a]
V  [jvm.dll+0x629c56]
C  [ucrtbase.dll+0x26b0c]
C  [KERNEL32.DLL+0x14ede]
C  [ntdll.dll+0x5795b]


---------------  P R O C E S S  ---------------

Threads class SMR info:
_java_thread_list=0x000001d133c493b0, length=18, elements={
0x000001d10c415440, 0x000001d131d5a0c0, 0x000001d131d5ac90, 0x000001d1325724b0,
0x000001d132574e80, 0x000001d132575930, 0x000001d132578be0, 0x000001d13257cc80,
0x000001d132587690, 0x000001d131d3f350, 0x000001d1330b3760, 0x000001d132c96f10,
0x000001d1334eed50, 0x000001d13307f030, 0x000001d133dfaa90, 0x000001d13295c3f0,
0x000001d13378f570, 0x000001d13378e230
}

Java Threads: ( => current thread )
  0x000001d10c415440 JavaThread "main" [_thread_blocked, id=19192, stack(0x0000002ff7d00000,0x0000002ff7e00000)]
  0x000001d131d5a0c0 JavaThread "Reference Handler" daemon [_thread_blocked, id=11148, stack(0x0000002ff8400000,0x0000002ff8500000)]
  0x000001d131d5ac90 JavaThread "Finalizer" daemon [_thread_blocked, id=13896, stack(0x0000002ff8500000,0x0000002ff8600000)]
  0x000001d1325724b0 JavaThread "Signal Dispatcher" daemon [_thread_blocked, id=18244, stack(0x0000002ff8600000,0x0000002ff8700000)]
  0x000001d132574e80 JavaThread "Attach Listener" daemon [_thread_blocked, id=13272, stack(0x0000002ff8700000,0x0000002ff8800000)]
  0x000001d132575930 JavaThread "Service Thread" daemon [_thread_blocked, id=15868, stack(0x0000002ff8800000,0x0000002ff8900000)]
=>0x000001d132578be0 JavaThread "C2 CompilerThread0" daemon [_thread_in_native, id=20136, stack(0x0000002ff8900000,0x0000002ff8a00000)]
  0x000001d13257cc80 JavaThread "C1 CompilerThread0" daemon [_thread_blocked, id=2964, stack(0x0000002ff8a00000,0x0000002ff8b00000)]
  0x000001d132587690 JavaThread "Sweeper thread" daemon [_thread_blocked, id=9500, stack(0x0000002ff8b00000,0x0000002ff8c00000)]
  0x000001d131d3f350 JavaThread "Common-Cleaner" daemon [_thread_blocked, id=384, stack(0x0000002ff8c00000,0x0000002ff8d00000)]
  0x000001d1330b3760 JavaThread "Notification Thread" daemon [_thread_blocked, id=6304, stack(0x0000002ff9000000,0x0000002ff9100000)]
  0x000001d132c96f10 JavaThread "QuantumRenderer-0" daemon [_thread_blocked, id=13112, stack(0x0000002ff8d00000,0x0000002ff8e00000)]
  0x000001d1334eed50 JavaThread "InvokeLaterDispatcher" daemon [_thread_blocked, id=11400, stack(0x0000002ff8e00000,0x0000002ff8f00000)]
  0x000001d13307f030 JavaThread "JavaFX Application Thread" [_thread_in_native, id=9740, stack(0x0000002ff9200000,0x0000002ff9300000)]
  0x000001d133dfaa90 JavaThread "JavaFX-Launcher" [_thread_blocked, id=5052, stack(0x0000002ff9700000,0x0000002ff9800000)]
  0x000001d13295c3f0 JavaThread "Thread-2" daemon [_thread_in_native, id=19680, stack(0x0000002ff9600000,0x0000002ff9700000)]
  0x000001d13378f570 JavaThread "Prism Font Disposer" daemon [_thread_blocked, id=7084, stack(0x0000002ffa100000,0x0000002ffa200000)]
  0x000001d13378e230 JavaThread "Cleaner-0" daemon [_thread_blocked, id=13080, stack(0x0000002ffa200000,0x0000002ffa300000)]

Other Threads:
  0x000001d131d58840 VMThread "VM Thread" [stack: 0x0000002ff8300000,0x0000002ff8400000] [id=920]
  0x000001d132e99690 WatcherThread [stack: 0x0000002ff9100000,0x0000002ff9200000] [id=8200]
  0x000001d10c4647c0 GCTaskThread "GC Thread#0" [stack: 0x0000002ff7e00000,0x0000002ff7f00000] [id=4720]
  0x000001d132c9a820 GCTaskThread "GC Thread#1" [stack: 0x0000002ff9800000,0x0000002ff9900000] [id=1364]
  0x000001d1325ab090 GCTaskThread "GC Thread#2" [stack: 0x0000002ff9a00000,0x0000002ff9b00000] [id=3776]
  0x000001d1325aba20 GCTaskThread "GC Thread#3" [stack: 0x0000002ff9b00000,0x0000002ff9c00000] [id=2072]
  0x000001d1325a9710 GCTaskThread "GC Thread#4" [stack: 0x0000002ff9c00000,0x0000002ff9d00000] [id=7284]
  0x000001d1325ab6f0 GCTaskThread "GC Thread#5" [stack: 0x0000002ff9d00000,0x0000002ff9e00000] [id=9784]
  0x000001d10c475460 ConcurrentGCThread "G1 Main Marker" [stack: 0x0000002ff7f00000,0x0000002ff8000000] [id=9092]
  0x000001d10c476050 ConcurrentGCThread "G1 Conc#0" [stack: 0x0000002ff8000000,0x0000002ff8100000] [id=4536]
  0x000001d10c4ee6d0 ConcurrentGCThread "G1 Refine#0" [stack: 0x0000002ff8100000,0x0000002ff8200000] [id=9120]
  0x000001d131bc84b0 ConcurrentGCThread "G1 Young RemSet Sampling" [stack: 0x0000002ff8200000,0x0000002ff8300000] [id=6392]

Threads with active compile tasks:
C2 CompilerThread0   242123 2438       4       javafx.animation.AnimationAccessorImpl::jumpTo (10 bytes)

VM state: not at safepoint (normal execution)

VM Mutex/Monitor currently owned by a thread: None

Heap address: 0x0000000704a00000, size: 4022 MB, Compressed Oops mode: Zero based, Oop shift amount: 3
CDS archive(s) mapped at: [0x0000000800000000-0x0000000800b50000-0x0000000800b50000), size 11862016, SharedBaseAddress: 0x0000000800000000, ArchiveRelocationMode: 0.
Compressed class space mapped at: 0x0000000800b50000-0x0000000840b50000, size: 1073741824
Narrow klass base: 0x0000000800000000, Narrow klass shift: 3, Narrow klass range: 0x100000000

GC Precious Log:
 CPUs: 12 total, 12 available
 Memory: 16085M
 Large Page Support: Disabled
 NUMA Support: Disabled
 Compressed Oops: Enabled (Zero based)
 Heap Region Size: 2M
 Heap Min Capacity: 8M
 Heap Initial Capacity: 252M
 Heap Max Capacity: 4022M
 Pre-touch: Disabled
 Parallel Workers: 10
 Concurrent Workers: 3
 Concurrent Refinement Workers: 10
 Periodic GC: Disabled

Heap:
 garbage-first heap   total 258048K, used 41474K [0x0000000704a00000, 0x0000000800000000)
  region size 2048K, 20 young (40960K), 3 survivors (6144K)
 Metaspace       used 12797K, capacity 13731K, committed 13824K, reserved 1060864K
  class space    used 1622K, capacity 1754K, committed 1792K, reserved 1048576K

Heap Regions: E=young(eden), S=young(survivor), O=old, HS=humongous(starts), HC=humongous(continues), CS=collection set, F=free, OA=open archive, CA=closed archive, TAMS=top-at-mark-start (previous, next)
|   0|0x0000000704a00000, 0x0000000704c00000, 0x0000000704c00000|100%|HS|  |TAMS 0x0000000704a00000, 0x0000000704a00000| Complete 
|   1|0x0000000704c00000, 0x0000000704c80a00, 0x0000000704e00000| 25%| O|  |TAMS 0x0000000704c00000, 0x0000000704c00000| Untracked 
|   2|0x0000000704e00000, 0x0000000704e00000, 0x0000000705000000|  0%| F|  |TAMS 0x0000000704e00000, 0x0000000704e00000| Untracked 
|   3|0x0000000705000000, 0x0000000705000000, 0x0000000705200000|  0%| F|  |TAMS 0x0000000705000000, 0x0000000705000000| Untracked 
|   4|0x0000000705200000, 0x0000000705200000, 0x0000000705400000|  0%| F|  |TAMS 0x0000000705200000, 0x0000000705200000| Untracked 
|   5|0x0000000705400000, 0x0000000705400000, 0x0000000705600000|  0%| F|  |TAMS 0x0000000705400000, 0x0000000705400000| Untracked 
|   6|0x0000000705600000, 0x0000000705600000, 0x0000000705800000|  0%| F|  |TAMS 0x0000000705600000, 0x0000000705600000| Untracked 
|   7|0x0000000705800000, 0x0000000705800000, 0x0000000705a00000|  0%| F|  |TAMS 0x0000000705800000, 0x0000000705800000| Untracked 
|   8|0x0000000705a00000, 0x0000000705a00000, 0x0000000705c00000|  0%| F|  |TAMS 0x0000000705a00000, 0x0000000705a00000| Untracked 
|   9|0x0000000705c00000, 0x0000000705c00000, 0x0000000705e00000|  0%| F|  |TAMS 0x0000000705c00000, 0x0000000705c00000| Untracked 
|  10|0x0000000705e00000, 0x0000000705e00000, 0x0000000706000000|  0%| F|  |TAMS 0x0000000705e00000, 0x0000000705e00000| Untracked 
|  11|0x0000000706000000, 0x0000000706000000, 0x0000000706200000|  0%| F|  |TAMS 0x0000000706000000, 0x0000000706000000| Untracked 
|  12|0x0000000706200000, 0x0000000706200000, 0x0000000706400000|  0%| F|  |TAMS 0x0000000706200000, 0x0000000706200000| Untracked 
|  13|0x0000000706400000, 0x0000000706400000, 0x0000000706600000|  0%| F|  |TAMS 0x0000000706400000, 0x0000000706400000| Untracked 
|  14|0x0000000706600000, 0x0000000706600000, 0x0000000706800000|  0%| F|  |TAMS 0x0000000706600000, 0x0000000706600000| Untracked 
|  15|0x0000000706800000, 0x0000000706800000, 0x0000000706a00000|  0%| F|  |TAMS 0x0000000706800000, 0x0000000706800000| Untracked 
|  16|0x0000000706a00000, 0x0000000706a00000, 0x0000000706c00000|  0%| F|  |TAMS 0x0000000706a00000, 0x0000000706a00000| Untracked 
|  17|0x0000000706c00000, 0x0000000706c00000, 0x0000000706e00000|  0%| F|  |TAMS 0x0000000706c00000, 0x0000000706c00000| Untracked 
|  18|0x0000000706e00000, 0x0000000706e00000, 0x0000000707000000|  0%| F|  |TAMS 0x0000000706e00000, 0x0000000706e00000| Untracked 
|  19|0x0000000707000000, 0x0000000707000000, 0x0000000707200000|  0%| F|  |TAMS 0x0000000707000000, 0x0000000707000000| Untracked 
|  20|0x0000000707200000, 0x0000000707200000, 0x0000000707400000|  0%| F|  |TAMS 0x0000000707200000, 0x0000000707200000| Untracked 
|  21|0x0000000707400000, 0x0000000707400000, 0x0000000707600000|  0%| F|  |TAMS 0x0000000707400000, 0x0000000707400000| Untracked 
|  22|0x0000000707600000, 0x0000000707600000, 0x0000000707800000|  0%| F|  |TAMS 0x0000000707600000, 0x0000000707600000| Untracked 
|  23|0x0000000707800000, 0x0000000707800000, 0x0000000707a00000|  0%| F|  |TAMS 0x0000000707800000, 0x0000000707800000| Untracked 
|  24|0x0000000707a00000, 0x0000000707a00000, 0x0000000707c00000|  0%| F|  |TAMS 0x0000000707a00000, 0x0000000707a00000| Untracked 
|  25|0x0000000707c00000, 0x0000000707c00000, 0x0000000707e00000|  0%| F|  |TAMS 0x0000000707c00000, 0x0000000707c00000| Untracked 
|  26|0x0000000707e00000, 0x0000000707e00000, 0x0000000708000000|  0%| F|  |TAMS 0x0000000707e00000, 0x0000000707e00000| Untracked 
|  27|0x0000000708000000, 0x0000000708000000, 0x0000000708200000|  0%| F|  |TAMS 0x0000000708000000, 0x0000000708000000| Untracked 
|  28|0x0000000708200000, 0x0000000708200000, 0x0000000708400000|  0%| F|  |TAMS 0x0000000708200000, 0x0000000708200000| Untracked 
|  29|0x0000000708400000, 0x0000000708400000, 0x0000000708600000|  0%| F|  |TAMS 0x0000000708400000, 0x0000000708400000| Untracked 
|  30|0x0000000708600000, 0x0000000708600000, 0x0000000708800000|  0%| F|  |TAMS 0x0000000708600000, 0x0000000708600000| Untracked 
|  31|0x0000000708800000, 0x0000000708800000, 0x0000000708a00000|  0%| F|  |TAMS 0x0000000708800000, 0x0000000708800000| Untracked 
|  32|0x0000000708a00000, 0x0000000708a00000, 0x0000000708c00000|  0%| F|  |TAMS 0x0000000708a00000, 0x0000000708a00000| Untracked 
|  33|0x0000000708c00000, 0x0000000708c00000, 0x0000000708e00000|  0%| F|  |TAMS 0x0000000708c00000, 0x0000000708c00000| Untracked 
|  34|0x0000000708e00000, 0x0000000708e00000, 0x0000000709000000|  0%| F|  |TAMS 0x0000000708e00000, 0x0000000708e00000| Untracked 
|  35|0x0000000709000000, 0x0000000709000000, 0x0000000709200000|  0%| F|  |TAMS 0x0000000709000000, 0x0000000709000000| Untracked 
|  36|0x0000000709200000, 0x0000000709200000, 0x0000000709400000|  0%| F|  |TAMS 0x0000000709200000, 0x0000000709200000| Untracked 
|  37|0x0000000709400000, 0x0000000709400000, 0x0000000709600000|  0%| F|  |TAMS 0x0000000709400000, 0x0000000709400000| Untracked 
|  38|0x0000000709600000, 0x0000000709600000, 0x0000000709800000|  0%| F|  |TAMS 0x0000000709600000, 0x0000000709600000| Untracked 
|  39|0x0000000709800000, 0x0000000709800000, 0x0000000709a00000|  0%| F|  |TAMS 0x0000000709800000, 0x0000000709800000| Untracked 
|  40|0x0000000709a00000, 0x0000000709a00000, 0x0000000709c00000|  0%| F|  |TAMS 0x0000000709a00000, 0x0000000709a00000| Untracked 
|  41|0x0000000709c00000, 0x0000000709c00000, 0x0000000709e00000|  0%| F|  |TAMS 0x0000000709c00000, 0x0000000709c00000| Untracked 
|  42|0x0000000709e00000, 0x0000000709e00000, 0x000000070a000000|  0%| F|  |TAMS 0x0000000709e00000, 0x0000000709e00000| Untracked 
|  43|0x000000070a000000, 0x000000070a000000, 0x000000070a200000|  0%| F|  |TAMS 0x000000070a000000, 0x000000070a000000| Untracked 
|  44|0x000000070a200000, 0x000000070a200000, 0x000000070a400000|  0%| F|  |TAMS 0x000000070a200000, 0x000000070a200000| Untracked 
|  45|0x000000070a400000, 0x000000070a400000, 0x000000070a600000|  0%| F|  |TAMS 0x000000070a400000, 0x000000070a400000| Untracked 
|  46|0x000000070a600000, 0x000000070a600000, 0x000000070a800000|  0%| F|  |TAMS 0x000000070a600000, 0x000000070a600000| Untracked 
|  47|0x000000070a800000, 0x000000070a800000, 0x000000070aa00000|  0%| F|  |TAMS 0x000000070a800000, 0x000000070a800000| Untracked 
|  48|0x000000070aa00000, 0x000000070aa00000, 0x000000070ac00000|  0%| F|  |TAMS 0x000000070aa00000, 0x000000070aa00000| Untracked 
|  49|0x000000070ac00000, 0x000000070ac00000, 0x000000070ae00000|  0%| F|  |TAMS 0x000000070ac00000, 0x000000070ac00000| Untracked 
|  50|0x000000070ae00000, 0x000000070ae00000, 0x000000070b000000|  0%| F|  |TAMS 0x000000070ae00000, 0x000000070ae00000| Untracked 
|  51|0x000000070b000000, 0x000000070b000000, 0x000000070b200000|  0%| F|  |TAMS 0x000000070b000000, 0x000000070b000000| Untracked 
|  52|0x000000070b200000, 0x000000070b200000, 0x000000070b400000|  0%| F|  |TAMS 0x000000070b200000, 0x000000070b200000| Untracked 
|  53|0x000000070b400000, 0x000000070b400000, 0x000000070b600000|  0%| F|  |TAMS 0x000000070b400000, 0x000000070b400000| Untracked 
|  54|0x000000070b600000, 0x000000070b600000, 0x000000070b800000|  0%| F|  |TAMS 0x000000070b600000, 0x000000070b600000| Untracked 
|  55|0x000000070b800000, 0x000000070b800000, 0x000000070ba00000|  0%| F|  |TAMS 0x000000070b800000, 0x000000070b800000| Untracked 
|  56|0x000000070ba00000, 0x000000070ba00000, 0x000000070bc00000|  0%| F|  |TAMS 0x000000070ba00000, 0x000000070ba00000| Untracked 
|  57|0x000000070bc00000, 0x000000070bc00000, 0x000000070be00000|  0%| F|  |TAMS 0x000000070bc00000, 0x000000070bc00000| Untracked 
|  58|0x000000070be00000, 0x000000070be00000, 0x000000070c000000|  0%| F|  |TAMS 0x000000070be00000, 0x000000070be00000| Untracked 
|  59|0x000000070c000000, 0x000000070c000000, 0x000000070c200000|  0%| F|  |TAMS 0x000000070c000000, 0x000000070c000000| Untracked 
|  60|0x000000070c200000, 0x000000070c200000, 0x000000070c400000|  0%| F|  |TAMS 0x000000070c200000, 0x000000070c200000| Untracked 
|  61|0x000000070c400000, 0x000000070c400000, 0x000000070c600000|  0%| F|  |TAMS 0x000000070c400000, 0x000000070c400000| Untracked 
|  62|0x000000070c600000, 0x000000070c600000, 0x000000070c800000|  0%| F|  |TAMS 0x000000070c600000, 0x000000070c600000| Untracked 
|  63|0x000000070c800000, 0x000000070c800000, 0x000000070ca00000|  0%| F|  |TAMS 0x000000070c800000, 0x000000070c800000| Untracked 
|  64|0x000000070ca00000, 0x000000070ca00000, 0x000000070cc00000|  0%| F|  |TAMS 0x000000070ca00000, 0x000000070ca00000| Untracked 
|  65|0x000000070cc00000, 0x000000070cc00000, 0x000000070ce00000|  0%| F|  |TAMS 0x000000070cc00000, 0x000000070cc00000| Untracked 
|  66|0x000000070ce00000, 0x000000070ce00000, 0x000000070d000000|  0%| F|  |TAMS 0x000000070ce00000, 0x000000070ce00000| Untracked 
|  67|0x000000070d000000, 0x000000070d000000, 0x000000070d200000|  0%| F|  |TAMS 0x000000070d000000, 0x000000070d000000| Untracked 
|  68|0x000000070d200000, 0x000000070d200000, 0x000000070d400000|  0%| F|  |TAMS 0x000000070d200000, 0x000000070d200000| Untracked 
|  69|0x000000070d400000, 0x000000070d400000, 0x000000070d600000|  0%| F|  |TAMS 0x000000070d400000, 0x000000070d400000| Untracked 
|  70|0x000000070d600000, 0x000000070d600000, 0x000000070d800000|  0%| F|  |TAMS 0x000000070d600000, 0x000000070d600000| Untracked 
|  71|0x000000070d800000, 0x000000070d800000, 0x000000070da00000|  0%| F|  |TAMS 0x000000070d800000, 0x000000070d800000| Untracked 
|  72|0x000000070da00000, 0x000000070da00000, 0x000000070dc00000|  0%| F|  |TAMS 0x000000070da00000, 0x000000070da00000| Untracked 
|  73|0x000000070dc00000, 0x000000070dc00000, 0x000000070de00000|  0%| F|  |TAMS 0x000000070dc00000, 0x000000070dc00000| Untracked 
|  74|0x000000070de00000, 0x000000070de00000, 0x000000070e000000|  0%| F|  |TAMS 0x000000070de00000, 0x000000070de00000| Untracked 
|  75|0x000000070e000000, 0x000000070e000000, 0x000000070e200000|  0%| F|  |TAMS 0x000000070e000000, 0x000000070e000000| Untracked 
|  76|0x000000070e200000, 0x000000070e200000, 0x000000070e400000|  0%| F|  |TAMS 0x000000070e200000, 0x000000070e200000| Untracked 
|  77|0x000000070e400000, 0x000000070e400000, 0x000000070e600000|  0%| F|  |TAMS 0x000000070e400000, 0x000000070e400000| Untracked 
|  78|0x000000070e600000, 0x000000070e600000, 0x000000070e800000|  0%| F|  |TAMS 0x000000070e600000, 0x000000070e600000| Untracked 
|  79|0x000000070e800000, 0x000000070e800000, 0x000000070ea00000|  0%| F|  |TAMS 0x000000070e800000, 0x000000070e800000| Untracked 
|  80|0x000000070ea00000, 0x000000070ea00000, 0x000000070ec00000|  0%| F|  |TAMS 0x000000070ea00000, 0x000000070ea00000| Untracked 
|  81|0x000000070ec00000, 0x000000070ec00000, 0x000000070ee00000|  0%| F|  |TAMS 0x000000070ec00000, 0x000000070ec00000| Untracked 
|  82|0x000000070ee00000, 0x000000070ee00000, 0x000000070f000000|  0%| F|  |TAMS 0x000000070ee00000, 0x000000070ee00000| Untracked 
|  83|0x000000070f000000, 0x000000070f000000, 0x000000070f200000|  0%| F|  |TAMS 0x000000070f000000, 0x000000070f000000| Untracked 
|  84|0x000000070f200000, 0x000000070f200000, 0x000000070f400000|  0%| F|  |TAMS 0x000000070f200000, 0x000000070f200000| Untracked 
|  85|0x000000070f400000, 0x000000070f400000, 0x000000070f600000|  0%| F|  |TAMS 0x000000070f400000, 0x000000070f400000| Untracked 
|  86|0x000000070f600000, 0x000000070f600000, 0x000000070f800000|  0%| F|  |TAMS 0x000000070f600000, 0x000000070f600000| Untracked 
|  87|0x000000070f800000, 0x000000070f800000, 0x000000070fa00000|  0%| F|  |TAMS 0x000000070f800000, 0x000000070f800000| Untracked 
|  88|0x000000070fa00000, 0x000000070fa00000, 0x000000070fc00000|  0%| F|  |TAMS 0x000000070fa00000, 0x000000070fa00000| Untracked 
|  89|0x000000070fc00000, 0x000000070fc00000, 0x000000070fe00000|  0%| F|  |TAMS 0x000000070fc00000, 0x000000070fc00000| Untracked 
|  90|0x000000070fe00000, 0x000000070fe00000, 0x0000000710000000|  0%| F|  |TAMS 0x000000070fe00000, 0x000000070fe00000| Untracked 
|  91|0x0000000710000000, 0x0000000710000000, 0x0000000710200000|  0%| F|  |TAMS 0x0000000710000000, 0x0000000710000000| Untracked 
|  92|0x0000000710200000, 0x0000000710200000, 0x0000000710400000|  0%| F|  |TAMS 0x0000000710200000, 0x0000000710200000| Untracked 
|  93|0x0000000710400000, 0x0000000710400000, 0x0000000710600000|  0%| F|  |TAMS 0x0000000710400000, 0x0000000710400000| Untracked 
|  94|0x0000000710600000, 0x0000000710600000, 0x0000000710800000|  0%| F|  |TAMS 0x0000000710600000, 0x0000000710600000| Untracked 
|  95|0x0000000710800000, 0x0000000710800000, 0x0000000710a00000|  0%| F|  |TAMS 0x0000000710800000, 0x0000000710800000| Untracked 
|  96|0x0000000710a00000, 0x0000000710a00000, 0x0000000710c00000|  0%| F|  |TAMS 0x0000000710a00000, 0x0000000710a00000| Untracked 
|  97|0x0000000710c00000, 0x0000000710c00000, 0x0000000710e00000|  0%| F|  |TAMS 0x0000000710c00000, 0x0000000710c00000| Untracked 
|  98|0x0000000710e00000, 0x0000000710e00000, 0x0000000711000000|  0%| F|  |TAMS 0x0000000710e00000, 0x0000000710e00000| Untracked 
|  99|0x0000000711000000, 0x0000000711000000, 0x0000000711200000|  0%| F|  |TAMS 0x0000000711000000, 0x0000000711000000| Untracked 
| 100|0x0000000711200000, 0x0000000711200000, 0x0000000711400000|  0%| F|  |TAMS 0x0000000711200000, 0x0000000711200000| Untracked 
| 101|0x0000000711400000, 0x0000000711400000, 0x0000000711600000|  0%| F|  |TAMS 0x0000000711400000, 0x0000000711400000| Untracked 
| 102|0x0000000711600000, 0x0000000711600000, 0x0000000711800000|  0%| F|  |TAMS 0x0000000711600000, 0x0000000711600000| Untracked 
| 103|0x0000000711800000, 0x0000000711800000, 0x0000000711a00000|  0%| F|  |TAMS 0x0000000711800000, 0x0000000711800000| Untracked 
| 104|0x0000000711a00000, 0x0000000711c00000, 0x0000000711c00000|100%| S|CS|TAMS 0x0000000711a00000, 0x0000000711a00000| Complete 
| 105|0x0000000711c00000, 0x0000000711e00000, 0x0000000711e00000|100%| S|CS|TAMS 0x0000000711c00000, 0x0000000711c00000| Complete 
| 106|0x0000000711e00000, 0x0000000712000000, 0x0000000712000000|100%| S|CS|TAMS 0x0000000711e00000, 0x0000000711e00000| Complete 
| 107|0x0000000712000000, 0x0000000712000000, 0x0000000712200000|  0%| F|  |TAMS 0x0000000712000000, 0x0000000712000000| Untracked 
| 108|0x0000000712200000, 0x0000000712200000, 0x0000000712400000|  0%| F|  |TAMS 0x0000000712200000, 0x0000000712200000| Untracked 
| 109|0x0000000712400000, 0x0000000712535f28, 0x0000000712600000| 60%| E|  |TAMS 0x0000000712400000, 0x0000000712400000| Complete 
| 110|0x0000000712600000, 0x0000000712800000, 0x0000000712800000|100%| E|CS|TAMS 0x0000000712600000, 0x0000000712600000| Complete 
| 111|0x0000000712800000, 0x0000000712a00000, 0x0000000712a00000|100%| E|CS|TAMS 0x0000000712800000, 0x0000000712800000| Complete 
| 112|0x0000000712a00000, 0x0000000712c00000, 0x0000000712c00000|100%| E|CS|TAMS 0x0000000712a00000, 0x0000000712a00000| Complete 
| 113|0x0000000712c00000, 0x0000000712e00000, 0x0000000712e00000|100%| E|CS|TAMS 0x0000000712c00000, 0x0000000712c00000| Complete 
| 114|0x0000000712e00000, 0x0000000713000000, 0x0000000713000000|100%| E|CS|TAMS 0x0000000712e00000, 0x0000000712e00000| Complete 
| 115|0x0000000713000000, 0x0000000713200000, 0x0000000713200000|100%| E|CS|TAMS 0x0000000713000000, 0x0000000713000000| Complete 
| 116|0x0000000713200000, 0x0000000713400000, 0x0000000713400000|100%| E|CS|TAMS 0x0000000713200000, 0x0000000713200000| Complete 
| 117|0x0000000713400000, 0x0000000713600000, 0x0000000713600000|100%| E|CS|TAMS 0x0000000713400000, 0x0000000713400000| Complete 
| 118|0x0000000713600000, 0x0000000713800000, 0x0000000713800000|100%| E|CS|TAMS 0x0000000713600000, 0x0000000713600000| Complete 
| 119|0x0000000713800000, 0x0000000713a00000, 0x0000000713a00000|100%| E|CS|TAMS 0x0000000713800000, 0x0000000713800000| Complete 
| 120|0x0000000713a00000, 0x0000000713c00000, 0x0000000713c00000|100%| E|CS|TAMS 0x0000000713a00000, 0x0000000713a00000| Complete 
| 121|0x0000000713c00000, 0x0000000713e00000, 0x0000000713e00000|100%| E|CS|TAMS 0x0000000713c00000, 0x0000000713c00000| Complete 
| 122|0x0000000713e00000, 0x0000000714000000, 0x0000000714000000|100%| E|CS|TAMS 0x0000000713e00000, 0x0000000713e00000| Complete 
| 123|0x0000000714000000, 0x0000000714200000, 0x0000000714200000|100%| E|CS|TAMS 0x0000000714000000, 0x0000000714000000| Complete 
| 124|0x0000000714200000, 0x0000000714400000, 0x0000000714400000|100%| E|CS|TAMS 0x0000000714200000, 0x0000000714200000| Complete 
| 125|0x0000000714400000, 0x0000000714600000, 0x0000000714600000|100%| E|CS|TAMS 0x0000000714400000, 0x0000000714400000| Complete 

Card table byte_map: [0x000001d126290000,0x000001d126a70000] _byte_map_base: 0x000001d122a6b000

Marking Bits (Prev, Next): (CMBitMap*) 0x000001d10c464fb0, (CMBitMap*) 0x000001d10c464ff0
 Prev Bits: [0x000001d127250000, 0x000001d12b128000)
 Next Bits: [0x000001d12b130000, 0x000001d12f008000)

Polling page: 0x000001d115df0000

Metaspace:

Usage:
  Non-class:     11.70 MB capacity,    10.91 MB ( 93%) used,   782.81 KB (  7%) free+waste,    18.81 KB ( <1%) overhead. 
      Class:      1.71 MB capacity,     1.58 MB ( 92%) used,   123.89 KB (  7%) free+waste,     7.88 KB ( <1%) overhead. 
       Both:     13.41 MB capacity,    12.50 MB ( 93%) used,   906.70 KB (  7%) free+waste,    26.69 KB ( <1%) overhead. 

Virtual space:
  Non-class space:       12.00 MB reserved,      11.75 MB ( 98%) committed 
      Class space:        1.00 GB reserved,       1.75 MB ( <1%) committed 
             Both:        1.01 GB reserved,      13.50 MB (  1%) committed 

Chunk freelists:
   Non-Class:  55.00 KB
       Class:  6.00 KB
        Both:  61.00 KB

MaxMetaspaceSize: 17179869184.00 GB
CompressedClassSpaceSize: 1.00 GB

CodeHeap 'non-profiled nmethods': size=120000Kb used=1497Kb max_used=1497Kb free=118503Kb
 bounds [0x000001d11d8e0000, 0x000001d11db50000, 0x000001d124e10000]
CodeHeap 'profiled nmethods': size=120000Kb used=4294Kb max_used=4294Kb free=115705Kb
 bounds [0x000001d1163b0000, 0x000001d1167f0000, 0x000001d11d8e0000]
CodeHeap 'non-nmethods': size=5760Kb used=1422Kb max_used=1475Kb free=4337Kb
 bounds [0x000001d115e10000, 0x000001d116080000, 0x000001d1163b0000]
 total_blobs=3162 nmethods=2416 adapters=658
 compilation: enabled
              stopped_count=0, restarted_count=0
 full_count=0

Compilation events (20 events):
Event: 231.074 Thread 0x000001d13257cc80 nmethod 2428 0x000001d1167d7d90 code [0x000001d1167d7f40, 0x000001d1167d8218]
Event: 231.075 Thread 0x000001d132578be0 2429       4       game.Player::setY (26 bytes)
Event: 231.077 Thread 0x000001d132578be0 nmethod 2429 0x000001d11da4dd90 code [0x000001d11da4df20, 0x000001d11da4e098]
Event: 232.067 Thread 0x000001d13257cc80 2430       3       game.Player::update (53 bytes)
Event: 232.068 Thread 0x000001d13257cc80 nmethod 2430 0x000001d1167d8290 code [0x000001d1167d8460, 0x000001d1167d8758]
Event: 232.371 Thread 0x000001d13257cc80 2431       3       game.EntityManager::updateAll (147 bytes)
Event: 232.372 Thread 0x000001d13257cc80 nmethod 2431 0x000001d1167d8810 code [0x000001d1167d8b20, 0x000001d1167da2e8]
Event: 233.742 Thread 0x000001d132578be0 2432       4       game.Heavy::draw (283 bytes)
Event: 234.005 Thread 0x000001d132578be0 nmethod 2432 0x000001d11da4e210 code [0x000001d11da4e880, 0x000001d11da53530]
Event: 235.661 Thread 0x000001d13257cc80 2433       3       com.sun.javafx.event.EventDispatchChainImpl::reset (44 bytes)
Event: 235.661 Thread 0x000001d13257cc80 nmethod 2433 0x000001d1167da990 code [0x000001d1167dab40, 0x000001d1167daed8]
Event: 236.530 Thread 0x000001d13257cc80 2434   !   3       com.sun.glass.ui.InvokeLaterDispatcher$Future::run (91 bytes)
Event: 236.530 Thread 0x000001d13257cc80 nmethod 2434 0x000001d1167db010 code [0x000001d1167db200, 0x000001d1167db6c8]
Event: 236.978 Thread 0x000001d13257cc80 2435   !   3       javafx.scene.Scene$ScenePulseListener::pulse (503 bytes)
Event: 236.981 Thread 0x000001d13257cc80 nmethod 2435 0x000001d1167dba10 code [0x000001d1167dc100, 0x000001d1167e0328]
Event: 237.954 Thread 0x000001d132578be0 2436       4       com.sun.scenario.animation.shared.ClipEnvelope::wasSynched (15 bytes)
Event: 237.954 Thread 0x000001d132578be0 nmethod 2436 0x000001d11da55e10 code [0x000001d11da55f80, 0x000001d11da56018]
Event: 239.939 Thread 0x000001d132578be0 2437       4       java.nio.ByteBuffer::clear (7 bytes)
Event: 239.939 Thread 0x000001d132578be0 nmethod 2437 0x000001d11da56110 code [0x000001d11da56280, 0x000001d11da562f8]
Event: 242.067 Thread 0x000001d132578be0 2438       4       javafx.animation.AnimationAccessorImpl::jumpTo (10 bytes)

GC Heap History (4 events):
Event: 0.982 GC heap before
{Heap before GC invocations=0 (full 0):
 garbage-first heap   total 258048K, used 22528K [0x0000000704a00000, 0x0000000800000000)
  region size 2048K, 11 young (22528K), 0 survivors (0K)
 Metaspace       used 5446K, capacity 8149K, committed 8448K, reserved 1056768K
  class space    used 663K, capacity 922K, committed 1024K, reserved 1048576K
}
Event: 0.986 GC heap after
{Heap after GC invocations=1 (full 0):
 garbage-first heap   total 258048K, used 3218K [0x0000000704a00000, 0x0000000800000000)
  region size 2048K, 2 young (4096K), 2 survivors (4096K)
 Metaspace       used 5446K, capacity 8149K, committed 8448K, reserved 1056768K
  class space    used 663K, capacity 922K, committed 1024K, reserved 1048576K
}
Event: 74.437 GC heap before
{Heap before GC invocations=1 (full 0):
 garbage-first heap   total 258048K, used 40082K [0x0000000704a00000, 0x0000000800000000)
  region size 2048K, 19 young (38912K), 2 survivors (4096K)
 Metaspace       used 12689K, capacity 13655K, committed 13824K, reserved 1060864K
  class space    used 1608K, capacity 1750K, committed 1792K, reserved 1048576K
}
Event: 74.491 GC heap after
{Heap after GC invocations=2 (full 0):
 garbage-first heap   total 258048K, used 8706K [0x0000000704a00000, 0x0000000800000000)
  region size 2048K, 3 young (6144K), 3 survivors (6144K)
 Metaspace       used 12689K, capacity 13655K, committed 13824K, reserved 1060864K
  class space    used 1608K, capacity 1750K, committed 1792K, reserved 1048576K
}

Deoptimization events (20 events):
Event: 235.660 Thread 0x000001d13307f030 Uncommon trap: trap_request=0xffffff45 fr.pc=0x000001d11da35188 relative=0x00000000000011e8
Event: 235.660 Thread 0x000001d13307f030 Uncommon trap: reason=unstable_if action=reinterpret pc=0x000001d11da35188 method=javafx.scene.Scene$MouseHandler.process(Ljavafx/scene/input/MouseEvent;Z)V @ 354 c2
Event: 235.660 Thread 0x000001d13307f030 DEOPT PACKING pc=0x000001d11da35188 sp=0x0000002ff92fd980
Event: 235.660 Thread 0x000001d13307f030 DEOPT UNPACKING pc=0x000001d115e5e42f sp=0x0000002ff92fd998 mode 2
Event: 235.660 Thread 0x000001d13307f030 Uncommon trap: trap_request=0xffffff45 fr.pc=0x000001d11da33954 relative=0x0000000000000134
Event: 235.660 Thread 0x000001d13307f030 Uncommon trap: reason=unstable_if action=reinterpret pc=0x000001d11da33954 method=javafx.scene.Scene$MouseHandler.handleEnterExit(Ljavafx/scene/input/MouseEvent;Ljavafx/scene/Scene$TargetWrapper;)V @ 8 c2
Event: 235.660 Thread 0x000001d13307f030 DEOPT PACKING pc=0x000001d11da33954 sp=0x0000002ff92fd970
Event: 235.660 Thread 0x000001d13307f030 DEOPT UNPACKING pc=0x000001d115e5e42f sp=0x0000002ff92fd8e8 mode 2
Event: 235.661 Thread 0x000001d13307f030 Uncommon trap: trap_request=0xffffff45 fr.pc=0x000001d11da3762c relative=0x000000000000020c
Event: 235.661 Thread 0x000001d13307f030 Uncommon trap: reason=unstable_if action=reinterpret pc=0x000001d11da3762c method=javafx.scene.Scene$TargetWrapper.getCursor()Ljavafx/scene/Cursor; @ 6 c2
Event: 235.661 Thread 0x000001d13307f030 DEOPT PACKING pc=0x000001d11da3762c sp=0x0000002ff92fd990
Event: 235.661 Thread 0x000001d13307f030 DEOPT UNPACKING pc=0x000001d115e5e42f sp=0x0000002ff92fd918 mode 2
Event: 235.662 Thread 0x000001d13307f030 Uncommon trap: trap_request=0xffffff45 fr.pc=0x000001d11d9f82f4 relative=0x0000000000005cf4
Event: 235.662 Thread 0x000001d13307f030 Uncommon trap: reason=unstable_if action=reinterpret pc=0x000001d11d9f82f4 method=javafx.scene.Scene$MouseHandler$1.run()V @ 20 c2
Event: 235.662 Thread 0x000001d13307f030 DEOPT PACKING pc=0x000001d11d9f82f4 sp=0x0000002ff92fe220
Event: 235.662 Thread 0x000001d13307f030 DEOPT UNPACKING pc=0x000001d115e5e42f sp=0x0000002ff92fdf80 mode 2
Event: 235.667 Thread 0x000001d13307f030 Uncommon trap: trap_request=0xffffff45 fr.pc=0x000001d11da1adc0 relative=0x0000000000005180
Event: 235.667 Thread 0x000001d13307f030 Uncommon trap: reason=unstable_if action=reinterpret pc=0x000001d11da1adc0 method=javafx.scene.Scene$MouseHandler.pulse()V @ 4 c2
Event: 235.667 Thread 0x000001d13307f030 DEOPT PACKING pc=0x000001d11da1adc0 sp=0x0000002ff92fde70
Event: 235.667 Thread 0x000001d13307f030 DEOPT UNPACKING pc=0x000001d115e5e42f sp=0x0000002ff92fde20 mode 2

Classes unloaded (0 events):
No events

Classes redefined (0 events):
No events

Internal exceptions (20 events):
Event: 241.938 Thread 0x000001d13307f030 Exception <a 'java/io/IOException'{0x00000007125109c8}> (0x00000007125109c8) 
thrown [./open/src/hotspot/share/prims/jni.cpp, line 578]
Event: 241.938 Thread 0x000001d13307f030 Exception <a 'java/io/IOException'{0x0000000712510ce0}> (0x0000000712510ce0) 
thrown [./open/src/hotspot/share/prims/jni.cpp, line 578]
Event: 241.939 Thread 0x000001d13307f030 Exception <a 'java/io/IOException'{0x0000000712511660}> (0x0000000712511660) 
thrown [./open/src/hotspot/share/prims/jni.cpp, line 578]
Event: 241.939 Thread 0x000001d13307f030 Exception <a 'java/io/IOException'{0x0000000712511978}> (0x0000000712511978) 
thrown [./open/src/hotspot/share/prims/jni.cpp, line 578]
Event: 241.970 Thread 0x000001d13307f030 Exception <a 'java/io/IOException'{0x0000000712512a68}> (0x0000000712512a68) 
thrown [./open/src/hotspot/share/prims/jni.cpp, line 578]
Event: 241.970 Thread 0x000001d13307f030 Exception <a 'java/io/IOException'{0x0000000712512d80}> (0x0000000712512d80) 
thrown [./open/src/hotspot/share/prims/jni.cpp, line 578]
Event: 241.971 Thread 0x000001d13307f030 Exception <a 'java/io/IOException'{0x0000000712513700}> (0x0000000712513700) 
thrown [./open/src/hotspot/share/prims/jni.cpp, line 578]
Event: 241.971 Thread 0x000001d13307f030 Exception <a 'java/io/IOException'{0x0000000712513a18}> (0x0000000712513a18) 
thrown [./open/src/hotspot/share/prims/jni.cpp, line 578]
Event: 242.001 Thread 0x000001d13307f030 Exception <a 'java/io/IOException'{0x0000000712514b08}> (0x0000000712514b08) 
thrown [./open/src/hotspot/share/prims/jni.cpp, line 578]
Event: 242.001 Thread 0x000001d13307f030 Exception <a 'java/io/IOException'{0x0000000712514e20}> (0x0000000712514e20) 
thrown [./open/src/hotspot/share/prims/jni.cpp, line 578]
Event: 242.003 Thread 0x000001d13307f030 Exception <a 'java/io/IOException'{0x00000007125157a0}> (0x00000007125157a0) 
thrown [./open/src/hotspot/share/prims/jni.cpp, line 578]
Event: 242.003 Thread 0x000001d13307f030 Exception <a 'java/io/IOException'{0x0000000712515ab8}> (0x0000000712515ab8) 
thrown [./open/src/hotspot/share/prims/jni.cpp, line 578]
Event: 242.034 Thread 0x000001d13307f030 Exception <a 'java/io/IOException'{0x0000000712516ba8}> (0x0000000712516ba8) 
thrown [./open/src/hotspot/share/prims/jni.cpp, line 578]
Event: 242.034 Thread 0x000001d13307f030 Exception <a 'java/io/IOException'{0x0000000712516ec0}> (0x0000000712516ec0) 
thrown [./open/src/hotspot/share/prims/jni.cpp, line 578]
Event: 242.035 Thread 0x000001d13307f030 Exception <a 'java/io/IOException'{0x0000000712517840}> (0x0000000712517840) 
thrown [./open/src/hotspot/share/prims/jni.cpp, line 578]
Event: 242.035 Thread 0x000001d13307f030 Exception <a 'java/io/IOException'{0x0000000712517b58}> (0x0000000712517b58) 
thrown [./open/src/hotspot/share/prims/jni.cpp, line 578]
Event: 242.066 Thread 0x000001d13307f030 Exception <a 'java/io/IOException'{0x0000000712518c48}> (0x0000000712518c48) 
thrown [./open/src/hotspot/share/prims/jni.cpp, line 578]
Event: 242.066 Thread 0x000001d13307f030 Exception <a 'java/io/IOException'{0x0000000712518f60}> (0x0000000712518f60) 
thrown [./open/src/hotspot/share/prims/jni.cpp, line 578]
Event: 242.067 Thread 0x000001d13307f030 Exception <a 'java/io/IOException'{0x00000007125198e0}> (0x00000007125198e0) 
thrown [./open/src/hotspot/share/prims/jni.cpp, line 578]
Event: 242.067 Thread 0x000001d13307f030 Exception <a 'java/io/IOException'{0x0000000712519bf8}> (0x0000000712519bf8) 
thrown [./open/src/hotspot/share/prims/jni.cpp, line 578]

Events (20 events):
Event: 226.516 loading class sun/nio/ch/SocketOptionRegistry done
Event: 226.516 loading class sun/nio/ch/SocketOptionRegistry$RegistryKey
Event: 226.516 loading class sun/nio/ch/SocketOptionRegistry$RegistryKey done
Event: 226.516 loading class sun/nio/ch/SocketOptionRegistry$LazyInitialization
Event: 226.517 loading class sun/nio/ch/SocketOptionRegistry$LazyInitialization done
Event: 226.517 loading class sun/nio/ch/OptionKey
Event: 226.517 loading class sun/nio/ch/OptionKey done
Event: 226.518 loading class sun/nio/ch/ExtendedSocketOption
Event: 226.518 loading class sun/nio/ch/ExtendedSocketOption done
Event: 226.518 loading class sun/nio/ch/ExtendedSocketOption$1
Event: 226.519 loading class sun/nio/ch/ExtendedSocketOption$1 done
Event: 226.525 Thread 0x000001d1327d6bf0 Thread exited: 0x000001d1327d6bf0
Event: 230.121 Executing VM operation: HandshakeAllThreads
Event: 230.121 Executing VM operation: HandshakeAllThreads done
Event: 230.121 Executing VM operation: HandshakeAllThreads
Event: 230.121 Executing VM operation: HandshakeAllThreads done
Event: 236.124 Executing VM operation: HandshakeAllThreads
Event: 236.124 Executing VM operation: HandshakeAllThreads done
Event: 240.125 Executing VM operation: HandshakeAllThreads
Event: 240.125 Executing VM operation: HandshakeAllThreads done


Dynamic libraries:
0x00007ff72a520000 - 0x00007ff72a52d000 	C:\Users\basha\.jdks\openjdk-15.0.1\bin\java.exe
0x00007ffff0610000 - 0x00007ffff080e000 	C:\WINDOWS\SYSTEM32\ntdll.dll
0x00007fffeec70000 - 0x00007fffeed2c000 	C:\WINDOWS\System32\KERNEL32.DLL
0x00007fffedfd0000 - 0x00007fffee329000 	C:\WINDOWS\System32\KERNELBASE.dll
0x00007fffedcb0000 - 0x00007fffeddc0000 	C:\WINDOWS\System32\ucrtbase.dll
0x00007fffe1d40000 - 0x00007fffe1d59000 	C:\Users\basha\.jdks\openjdk-15.0.1\bin\VCRUNTIME140.dll
0x00007fffe1d20000 - 0x00007fffe1d38000 	C:\Users\basha\.jdks\openjdk-15.0.1\bin\jli.dll
0x00007fffeffb0000 - 0x00007ffff0156000 	C:\WINDOWS\System32\USER32.dll
0x00007fffedfa0000 - 0x00007fffedfc6000 	C:\WINDOWS\System32\win32u.dll
0x00007fffeec40000 - 0x00007fffeec6b000 	C:\WINDOWS\System32\GDI32.dll
0x00007fffede80000 - 0x00007fffedf91000 	C:\WINDOWS\System32\gdi32full.dll
0x00007fffedc10000 - 0x00007fffedcb0000 	C:\WINDOWS\System32\msvcp_win.dll
0x00007fffe6880000 - 0x00007fffe6b25000 	C:\WINDOWS\WinSxS\amd64_microsoft.windows.common-controls_6595b64144ccf1df_6.0.20241.1000_none_8ecd57be41fa8bb6\COMCTL32.dll
0x00007fffeeb90000 - 0x00007fffeec33000 	C:\WINDOWS\System32\msvcrt.dll
0x00007fffee670000 - 0x00007fffee6a1000 	C:\WINDOWS\System32\IMM32.DLL
0x00007fffe1d10000 - 0x00007fffe1d1c000 	C:\Users\basha\.jdks\openjdk-15.0.1\bin\vcruntime140_1.dll
0x00007fff72910000 - 0x00007fff729a1000 	C:\Users\basha\.jdks\openjdk-15.0.1\bin\msvcp140.dll
0x00007fff58490000 - 0x00007fff58fee000 	C:\Users\basha\.jdks\openjdk-15.0.1\bin\server\jvm.dll
0x00007fffef240000 - 0x00007fffef2ec000 	C:\WINDOWS\System32\ADVAPI32.dll
0x00007fffee890000 - 0x00007fffee92e000 	C:\WINDOWS\System32\sechost.dll
0x00007fffee930000 - 0x00007fffeea53000 	C:\WINDOWS\System32\RPCRT4.dll
0x00007fffefed0000 - 0x00007fffefed8000 	C:\WINDOWS\System32\PSAPI.DLL
0x00007fffe60e0000 - 0x00007fffe60ea000 	C:\WINDOWS\SYSTEM32\VERSION.dll
0x00007fffe9ac0000 - 0x00007fffe9ac9000 	C:\WINDOWS\SYSTEM32\WSOCK32.dll
0x00007fffe7e10000 - 0x00007fffe7e37000 	C:\WINDOWS\SYSTEM32\WINMM.dll
0x00007fffeeb10000 - 0x00007fffeeb81000 	C:\WINDOWS\System32\WS2_32.dll
0x00007fffecd10000 - 0x00007fffecd27000 	C:\WINDOWS\SYSTEM32\kernel.appcore.dll
0x00007fffe1d00000 - 0x00007fffe1d0a000 	C:\Users\basha\.jdks\openjdk-15.0.1\bin\jimage.dll
0x00007fffeabf0000 - 0x00007fffeae01000 	C:\WINDOWS\SYSTEM32\DBGHELP.DLL
0x00007fffd5b60000 - 0x00007fffd5b90000 	C:\WINDOWS\SYSTEM32\dbgcore.DLL
0x00007fffee330000 - 0x00007fffee3a9000 	C:\WINDOWS\System32\bcryptPrimitives.dll
0x00007fffd47e0000 - 0x00007fffd47ee000 	C:\Users\basha\.jdks\openjdk-15.0.1\bin\instrument.dll
0x00007fffbd5c0000 - 0x00007fffbd5e5000 	C:\Users\basha\.jdks\openjdk-15.0.1\bin\java.dll
0x00007fffef770000 - 0x00007fffefecc000 	C:\WINDOWS\System32\SHELL32.dll
0x00007fffebdf0000 - 0x00007fffec63f000 	C:\WINDOWS\SYSTEM32\windows.storage.dll
0x00007fffeeec0000 - 0x00007fffef236000 	C:\WINDOWS\System32\combase.dll
0x00007fffee6b0000 - 0x00007fffee79b000 	C:\WINDOWS\System32\SHCORE.dll
0x00007fffee590000 - 0x00007fffee5ef000 	C:\WINDOWS\System32\shlwapi.dll
0x00007fffedb40000 - 0x00007fffedb61000 	C:\WINDOWS\SYSTEM32\profapi.dll
0x00007fffbd5a0000 - 0x00007fffbd5b9000 	C:\Users\basha\.jdks\openjdk-15.0.1\bin\net.dll
0x00007fffeb360000 - 0x00007fffeb460000 	C:\WINDOWS\SYSTEM32\WINHTTP.dll
0x00007fffed230000 - 0x00007fffed298000 	C:\WINDOWS\system32\mswsock.dll
0x00007fffbd580000 - 0x00007fffbd592000 	C:\Users\basha\.jdks\openjdk-15.0.1\bin\nio.dll
0x00007fffbd230000 - 0x00007fffbd248000 	C:\Users\basha\.jdks\openjdk-15.0.1\bin\zip.dll
0x00007fffbcc40000 - 0x00007fffbcc5a000 	C:\Program Files\JetBrains\IntelliJ IDEA 2020.2.1\bin\breakgen64.dll
0x000001d134290000 - 0x000001d134293000 	C:\LIU\Coding\javafx-sdk-15.0.1\bin\api-ms-win-core-console-l1-1-0.dll
0x000001d1342a0000 - 0x000001d1342a3000 	C:\LIU\Coding\javafx-sdk-15.0.1\bin\api-ms-win-core-console-l1-2-0.dll
0x000001d134600000 - 0x000001d134603000 	C:\LIU\Coding\javafx-sdk-15.0.1\bin\api-ms-win-core-datetime-l1-1-0.dll
0x000001d134610000 - 0x000001d134613000 	C:\LIU\Coding\javafx-sdk-15.0.1\bin\api-ms-win-core-debug-l1-1-0.dll
0x000001d1342b0000 - 0x000001d1342b3000 	C:\LIU\Coding\javafx-sdk-15.0.1\bin\api-ms-win-core-errorhandling-l1-1-0.dll
0x000001d1342c0000 - 0x000001d1342c4000 	C:\LIU\Coding\javafx-sdk-15.0.1\bin\api-ms-win-core-file-l1-1-0.dll
0x000001d1342d0000 - 0x000001d1342d3000 	C:\LIU\Coding\javafx-sdk-15.0.1\bin\api-ms-win-core-file-l1-2-0.dll
0x000001d1342e0000 - 0x000001d1342e3000 	C:\LIU\Coding\javafx-sdk-15.0.1\bin\api-ms-win-core-file-l2-1-0.dll
0x000001d1342f0000 - 0x000001d1342f3000 	C:\LIU\Coding\javafx-sdk-15.0.1\bin\api-ms-win-core-handle-l1-1-0.dll
0x000001d134300000 - 0x000001d134303000 	C:\LIU\Coding\javafx-sdk-15.0.1\bin\api-ms-win-core-heap-l1-1-0.dll
0x000001d134310000 - 0x000001d134313000 	C:\LIU\Coding\javafx-sdk-15.0.1\bin\api-ms-win-core-interlocked-l1-1-0.dll
0x000001d134320000 - 0x000001d134323000 	C:\LIU\Coding\javafx-sdk-15.0.1\bin\api-ms-win-core-libraryloader-l1-1-0.dll
0x000001d134560000 - 0x000001d134563000 	C:\LIU\Coding\javafx-sdk-15.0.1\bin\api-ms-win-core-localization-l1-2-0.dll
0x000001d134570000 - 0x000001d134573000 	C:\LIU\Coding\javafx-sdk-15.0.1\bin\api-ms-win-core-memory-l1-1-0.dll
0x000001d134580000 - 0x000001d134583000 	C:\LIU\Coding\javafx-sdk-15.0.1\bin\api-ms-win-core-namedpipe-l1-1-0.dll
0x000001d134330000 - 0x000001d134333000 	C:\LIU\Coding\javafx-sdk-15.0.1\bin\api-ms-win-core-processenvironment-l1-1-0.dll
0x000001d134450000 - 0x000001d134453000 	C:\LIU\Coding\javafx-sdk-15.0.1\bin\api-ms-win-core-processthreads-l1-1-0.dll
0x000001d134460000 - 0x000001d134463000 	C:\LIU\Coding\javafx-sdk-15.0.1\bin\api-ms-win-core-processthreads-l1-1-1.dll
0x000001d134470000 - 0x000001d134473000 	C:\LIU\Coding\javafx-sdk-15.0.1\bin\api-ms-win-core-profile-l1-1-0.dll
0x000001d134480000 - 0x000001d134483000 	C:\LIU\Coding\javafx-sdk-15.0.1\bin\api-ms-win-core-rtlsupport-l1-1-0.dll
0x000001d134490000 - 0x000001d134493000 	C:\LIU\Coding\javafx-sdk-15.0.1\bin\api-ms-win-core-string-l1-1-0.dll
0x000001d1344a0000 - 0x000001d1344a3000 	C:\LIU\Coding\javafx-sdk-15.0.1\bin\api-ms-win-core-synch-l1-1-0.dll
0x000001d1344b0000 - 0x000001d1344b3000 	C:\LIU\Coding\javafx-sdk-15.0.1\bin\api-ms-win-core-synch-l1-2-0.dll
0x000001d1344c0000 - 0x000001d1344c3000 	C:\LIU\Coding\javafx-sdk-15.0.1\bin\api-ms-win-core-sysinfo-l1-1-0.dll
0x000001d1344d0000 - 0x000001d1344d3000 	C:\LIU\Coding\javafx-sdk-15.0.1\bin\api-ms-win-core-timezone-l1-1-0.dll
0x000001d1344e0000 - 0x000001d1344e3000 	C:\LIU\Coding\javafx-sdk-15.0.1\bin\api-ms-win-core-util-l1-1-0.dll
0x000001d134340000 - 0x000001d134343000 	C:\LIU\Coding\javafx-sdk-15.0.1\bin\api-ms-win-crt-conio-l1-1-0.dll
0x000001d134350000 - 0x000001d134354000 	C:\LIU\Coding\javafx-sdk-15.0.1\bin\api-ms-win-crt-convert-l1-1-0.dll
0x000001d134360000 - 0x000001d134363000 	C:\LIU\Coding\javafx-sdk-15.0.1\bin\api-ms-win-crt-environment-l1-1-0.dll
0x000001d134370000 - 0x000001d134373000 	C:\LIU\Coding\javafx-sdk-15.0.1\bin\api-ms-win-crt-filesystem-l1-1-0.dll
0x000001d134380000 - 0x000001d134383000 	C:\LIU\Coding\javafx-sdk-15.0.1\bin\api-ms-win-crt-heap-l1-1-0.dll
0x000001d134390000 - 0x000001d134393000 	C:\LIU\Coding\javafx-sdk-15.0.1\bin\api-ms-win-crt-locale-l1-1-0.dll
0x000001d1343a0000 - 0x000001d1343a5000 	C:\LIU\Coding\javafx-sdk-15.0.1\bin\api-ms-win-crt-math-l1-1-0.dll
0x000001d1343b0000 - 0x000001d1343b5000 	C:\LIU\Coding\javafx-sdk-15.0.1\bin\api-ms-win-crt-multibyte-l1-1-0.dll
0x000001d1343c0000 - 0x000001d1343d0000 	C:\LIU\Coding\javafx-sdk-15.0.1\bin\api-ms-win-crt-private-l1-1-0.dll
0x000001d1343d0000 - 0x000001d1343d3000 	C:\LIU\Coding\javafx-sdk-15.0.1\bin\api-ms-win-crt-process-l1-1-0.dll
0x000001d1343e0000 - 0x000001d1343e4000 	C:\LIU\Coding\javafx-sdk-15.0.1\bin\api-ms-win-crt-runtime-l1-1-0.dll
0x000001d1343f0000 - 0x000001d1343f4000 	C:\LIU\Coding\javafx-sdk-15.0.1\bin\api-ms-win-crt-stdio-l1-1-0.dll
0x000001d134400000 - 0x000001d134404000 	C:\LIU\Coding\javafx-sdk-15.0.1\bin\api-ms-win-crt-string-l1-1-0.dll
0x000001d134410000 - 0x000001d134413000 	C:\LIU\Coding\javafx-sdk-15.0.1\bin\api-ms-win-crt-time-l1-1-0.dll
0x000001d134420000 - 0x000001d134423000 	C:\LIU\Coding\javafx-sdk-15.0.1\bin\api-ms-win-crt-utility-l1-1-0.dll
0x00007fff72810000 - 0x00007fff7290c000 	C:\LIU\Coding\javafx-sdk-15.0.1\bin\ucrtbase.dll
0x00007fffbbea0000 - 0x00007fffbbeb5000 	C:\LIU\Coding\javafx-sdk-15.0.1\bin\vcruntime140.dll
0x00007fff72770000 - 0x00007fff7280b000 	C:\LIU\Coding\javafx-sdk-15.0.1\bin\msvcp140.dll
0x00007fffbbd70000 - 0x00007fffbbd93000 	C:\LIU\Coding\javafx-sdk-15.0.1\bin\prism_d3d.dll
0x00007fffcff00000 - 0x00007fffd00a6000 	C:\WINDOWS\system32\d3d9.dll
0x00007fffeaee0000 - 0x00007fffeaf0f000 	C:\WINDOWS\SYSTEM32\dwmapi.dll
0x00007fffea6c0000 - 0x00007fffea763000 	C:\WINDOWS\system32\uxtheme.dll
0x00007fff95180000 - 0x00007fff952e4000 	C:\WINDOWS\System32\DriverStore\FileRepository\iigd_dch.inf_amd64_84ac76b659e5ce8f\igdumdim64.dll
0x00007fff8c700000 - 0x00007fff90a1b000 	C:\WINDOWS\System32\DriverStore\FileRepository\iigd_dch.inf_amd64_84ac76b659e5ce8f\igd9dxva64.dll
0x00007fffef3f0000 - 0x00007fffef525000 	C:\WINDOWS\System32\ole32.dll
0x00007fffefee0000 - 0x00007fffeffb0000 	C:\WINDOWS\System32\OLEAUT32.dll
0x00007fffed900000 - 0x00007fffed94c000 	C:\WINDOWS\SYSTEM32\CFGMGR32.dll
0x00007fffd81c0000 - 0x00007fffd8364000 	C:\WINDOWS\System32\DriverStore\FileRepository\iigd_dch.inf_amd64_84ac76b659e5ce8f\igdgmm64.dll
0x00007fffe6610000 - 0x00007fffe664e000 	C:\WINDOWS\SYSTEM32\directxdatabasehelper.dll
0x00007fffa3ce0000 - 0x00007fffa3d25000 	C:\LIU\Coding\javafx-sdk-15.0.1\bin\glass.dll
0x00007fffee7a0000 - 0x00007fffee883000 	C:\WINDOWS\System32\COMDLG32.dll
0x00007fffeed90000 - 0x00007fffeeeac000 	C:\WINDOWS\System32\MSCTF.dll
0x00007fff94b30000 - 0x00007fff94b56000 	C:\WINDOWS\System32\DriverStore\FileRepository\iigd_dch.inf_amd64_84ac76b659e5ce8f\igdinfo64.dll
0x00007fffd5d70000 - 0x00007fffd81b9000 	C:\WINDOWS\System32\DriverStore\FileRepository\iigd_dch.inf_amd64_84ac76b659e5ce8f\igc64.dll
0x00007fffdff20000 - 0x00007fffdff5a000 	C:\WINDOWS\SYSTEM32\dxcore.dll
0x00007fffb2b00000 - 0x00007fffb2b14000 	C:\LIU\Coding\javafx-sdk-15.0.1\bin\javafx_font.dll
0x00007fffb40c0000 - 0x00007fffb431f000 	C:\WINDOWS\SYSTEM32\dwrite.dll
0x00007fffeea60000 - 0x00007fffeeb0f000 	C:\WINDOWS\System32\clbcatq.dll
0x00007fffdf900000 - 0x00007fffdfaad000 	C:\WINDOWS\SYSTEM32\WindowsCodecs.dll
0x00007fffafe70000 - 0x00007fffafecd000 	C:\WINDOWS\system32\dataexchange.dll
0x00007fffe5e60000 - 0x00007fffe608e000 	C:\WINDOWS\system32\twinapi.appcore.dll
0x00007fffa4720000 - 0x00007fffa4752000 	C:\Program Files\Common Files\Microsoft Shared\Ink\rtscom.dll
0x00007fffbc970000 - 0x00007fffbca85000 	C:\WINDOWS\SYSTEM32\textinputframework.dll
0x00007fffea350000 - 0x00007fffea477000 	C:\WINDOWS\SYSTEM32\CoreMessaging.dll
0x00007fffe21a0000 - 0x00007fffe2508000 	C:\WINDOWS\SYSTEM32\CoreUIComponents.dll
0x00007fffc3510000 - 0x00007fffc3579000 	C:\WINDOWS\system32\Oleacc.dll
0x00007fffe6740000 - 0x00007fffe67de000 	C:\WINDOWS\SYSTEM32\TextShaping.dll

dbghelp: loaded successfully - version: 4.0.5 - missing functions: none
symbol engine: initialized successfully - sym options: 0x614 - pdb path: .;C:\Users\basha\.jdks\openjdk-15.0.1\bin;C:\WINDOWS\SYSTEM32;C:\WINDOWS\WinSxS\amd64_microsoft.windows.common-controls_6595b64144ccf1df_6.0.20241.1000_none_8ecd57be41fa8bb6;C:\Users\basha\.jdks\openjdk-15.0.1\bin\server;C:\Program Files\JetBrains\IntelliJ IDEA 2020.2.1\bin;C:\LIU\Coding\javafx-sdk-15.0.1\bin;C:\WINDOWS\System32\DriverStore\FileRepository\iigd_dch.inf_amd64_84ac76b659e5ce8f;C:\Program Files\Common Files\Microsoft Shared\Ink

VM Arguments:
jvm_args: --module-path=C:\LIU\Coding\javafx-sdk-15.0.1\lib --add-modules=javafx.controls,javafx.fxml -javaagent:C:\Program Files\JetBrains\IntelliJ IDEA 2020.2.1\lib\idea_rt.jar=49197:C:\Program Files\JetBrains\IntelliJ IDEA 2020.2.1\bin -Dfile.encoding=UTF-8 
java_command: game.Main
java_class_path (initial): C:\projects\bamk\out\production\bamk;C:\LIU\Coding\javafx-sdk-15.0.1\lib\src.zip;C:\LIU\Coding\javafx-sdk-15.0.1\lib\javafx-swt.jar;C:\LIU\Coding\javafx-sdk-15.0.1\lib\javafx.web.jar;C:\LIU\Coding\javafx-sdk-15.0.1\lib\javafx.base.jar;C:\LIU\Coding\javafx-sdk-15.0.1\lib\javafx.fxml.jar;C:\LIU\Coding\javafx-sdk-15.0.1\lib\javafx.media.jar;C:\LIU\Coding\javafx-sdk-15.0.1\lib\javafx.swing.jar;C:\LIU\Coding\javafx-sdk-15.0.1\lib\javafx.controls.jar;C:\LIU\Coding\javafx-sdk-15.0.1\lib\javafx.graphics.jar
Launcher Type: SUN_STANDARD

[Global flags]
     intx CICompilerCount                          = 4                                         {product} {ergonomic}
     uint ConcGCThreads                            = 3                                         {product} {ergonomic}
     uint G1ConcRefinementThreads                  = 10                                        {product} {ergonomic}
   size_t G1HeapRegionSize                         = 2097152                                   {product} {ergonomic}
    uintx GCDrainStackTargetSize                   = 64                                        {product} {ergonomic}
   size_t InitialHeapSize                          = 264241152                                 {product} {ergonomic}
   size_t MarkStackSize                            = 4194304                                   {product} {ergonomic}
   size_t MaxHeapSize                              = 4217372672                                {product} {ergonomic}
   size_t MaxNewSize                               = 2529165312                                {product} {ergonomic}
   size_t MinHeapDeltaBytes                        = 2097152                                   {product} {ergonomic}
   size_t MinHeapSize                              = 8388608                                   {product} {ergonomic}
    uintx NonNMethodCodeHeapSize                   = 5839372                                {pd product} {ergonomic}
    uintx NonProfiledCodeHeapSize                  = 122909434                              {pd product} {ergonomic}
    uintx ProfiledCodeHeapSize                     = 122909434                              {pd product} {ergonomic}
    uintx ReservedCodeCacheSize                    = 251658240                              {pd product} {ergonomic}
     bool SegmentedCodeCache                       = true                                      {product} {ergonomic}
   size_t SoftMaxHeapSize                          = 4217372672                             {manageable} {ergonomic}
     bool UseCompressedClassPointers               = true                                 {lp64_product} {ergonomic}
     bool UseCompressedOops                        = true                                 {lp64_product} {ergonomic}
     bool UseG1GC                                  = true                                      {product} {ergonomic}
     bool UseLargePagesIndividualAllocation        = false                                  {pd product} {ergonomic}

Logging:
Log output configuration:
 #0: stdout all=warning uptime,level,tags
 #1: stderr all=off uptime,level,tags

Environment Variables:
JAVA_HOME=C:\Users\basha\Downloads\jdk-15_windows-x64_bin.zip\jdk-15
CLASSPATH=C:\LIU\Coding\javafx-sdk-15.0.1\lib\*.jar
PATH=C:\Program Files (x86)\Common Files\Oracle\Java\javapath;C:\windows\system32;C:\windows;C:\windows\System32\Wbem;C:\windows\System32\WindowsPowerShell\v1.0\;C:\windows\System32\OpenSSH\;C:\Program Files (x86)\NVIDIA Corporation\PhysX\Common;C:\Program Files\NVIDIA Corporation\NVIDIA NvDLISR;C:\WINDOWS\system32;C:\WINDOWS;C:\WINDOWS\System32\Wbem;C:\WINDOWS\System32\WindowsPowerShell\v1.0\;C:\WINDOWS\System32\OpenSSH\;C:\Program Files\Git\cmd;C:\Program Files\dotnet\;C:\Program Files (x86)\Wolfram Research\WolframScript\;C:\Users\basha\Downloads\jdk-15_windows-x64_bin.zip\jdk-15;C:\Program Files (x86)\Brackets\command;C:\Users\basha\AppData\Local\Programs\Python\Python38-32\Scripts\;C:\Users\basha\AppData\Local\Programs\Python\Python38-32\;C:\Users\basha\AppData\Local\Microsoft\WindowsApps;C:\Program Files\JetBrains\IntelliJ IDEA 2020.2.1\bin;C:\Users\basha\AppData\Local\atom\bin;C:\Users\basha\AppData\Local\Programs\Microsoft VS Code\bin;C:\Users\basha\AppData\Local\Microsoft\WindowsApps;C:\Users\basha\AppData\Local\GitHubDesktop\bin
USERNAME=basha
OS=Windows_NT
PROCESSOR_IDENTIFIER=Intel64 Family 6 Model 158 Stepping 10, GenuineIntel



---------------  S Y S T E M  ---------------

OS:
 Windows 10 , 64 bit Build 20241 (10.0.20241.1000)
OS uptime: 0 days 2:16 hours
HyperV virtualization detected

CPU: total 12 (initial active 12) (6 cores per cpu, 2 threads per core) family 6 model 158 stepping 10 microcode 0xd6, cmov, cx8, fxsr, mmx, sse, sse2, sse3, ssse3, sse4.1, sse4.2, popcnt, vzeroupper, avx, avx2, aes, clmul, erms, 3dnowpref, lzcnt, ht, tsc, tscinvbit, bmi1, bmi2, adx, fma, clflush, clflushopt

Memory: 4k page, system-wide physical 16085M (317M free)
TotalPageFile size 65237M (AvailPageFile size 0M)
current process WorkingSet (physical memory assigned to process): 12428M, peak: 13000M
current process commit charge ("private bytes"): 56985M, peak: 57188M

vm_info: OpenJDK 64-Bit Server VM (15.0.1+9-18) for windows-amd64 JRE (15.0.1+9-18), built on Sep 15 2020 14:39:31 by "mach5one" with unknown MS VC++:1925

END.
